Mensaje I / 00:00:00:000 / Root(00) para top(01)
Mensaje I / 00:00:00:000 / top(01) para sink(02)
Mensaje D / 00:00:00:000 / sink(02) / ... para top(01)
Mensaje D / 00:00:00:000 / top(01) / ... para Root(00)
Mensaje X / 00:00:11:000 / Root(00) / sinkin /      0.00000 para top(01)
Mensaje X / 00:00:11:000 / top(01) / sinkin /      0.00000 para sink(02)
Mensaje D / 00:00:11:000 / sink(02) / 00:00:01:000 para top(01)
Mensaje D / 00:00:11:000 / top(01) / 00:00:01:000 para Root(00)
Mensaje * / 00:00:12:000 / Root(00) para top(01)
Mensaje * / 00:00:12:000 / top(01) para sink(02)
Mensaje Y / 00:00:12:000 / sink(02) / packetsreceived /      1.00000 para top(01)
Mensaje D / 00:00:12:000 / sink(02) / ... para top(01)
Mensaje Y / 00:00:12:000 / top(01) / packetsreceived /      1.00000 para Root(00)
Mensaje D / 00:00:12:000 / top(01) / ... para Root(00)
Mensaje X / 00:00:21:000 / Root(00) / sinkin /      1.00000 para top(01)
Mensaje X / 00:00:21:000 / top(01) / sinkin /      1.00000 para sink(02)
Mensaje D / 00:00:21:000 / sink(02) / ... para top(01)
Mensaje D / 00:00:21:000 / top(01) / ... para Root(00)
Mensaje X / 00:00:31:000 / Root(00) / sinkin /      2.00000 para top(01)
Mensaje X / 00:00:31:000 / top(01) / sinkin /      2.00000 para sink(02)
Mensaje D / 00:00:31:000 / sink(02) / ... para top(01)
Mensaje D / 00:00:31:000 / top(01) / ... para Root(00)
Mensaje X / 00:00:41:000 / Root(00) / sinkin /      3.00000 para top(01)
Mensaje X / 00:00:41:000 / top(01) / sinkin /      3.00000 para sink(02)
Mensaje D / 00:00:41:000 / sink(02) / ... para top(01)
Mensaje D / 00:00:41:000 / top(01) / ... para Root(00)
Mensaje X / 00:00:51:000 / Root(00) / sinkin /      0.00000 para top(01)
Mensaje X / 00:00:51:000 / top(01) / sinkin /      0.00000 para sink(02)
Mensaje D / 00:00:51:000 / sink(02) / 00:00:01:000 para top(01)
Mensaje D / 00:00:51:000 / top(01) / 00:00:01:000 para Root(00)
Mensaje * / 00:00:52:000 / Root(00) para top(01)
Mensaje * / 00:00:52:000 / top(01) para sink(02)
Mensaje Y / 00:00:52:000 / sink(02) / packetsreceived /      2.00000 para top(01)
Mensaje D / 00:00:52:000 / sink(02) / ... para top(01)
Mensaje Y / 00:00:52:000 / top(01) / packetsreceived /      2.00000 para Root(00)
Mensaje D / 00:00:52:000 / top(01) / ... para Root(00)
Mensaje X / 00:01:01:000 / Root(00) / sinkin /      1.00000 para top(01)
Mensaje X / 00:01:01:000 / top(01) / sinkin /      1.00000 para sink(02)
Mensaje D / 00:01:01:000 / sink(02) / ... para top(01)
Mensaje D / 00:01:01:000 / top(01) / ... para Root(00)
Mensaje X / 00:01:11:000 / Root(00) / sinkin /      0.00000 para top(01)
Mensaje X / 00:01:11:000 / top(01) / sinkin /      0.00000 para sink(02)
Mensaje D / 00:01:11:000 / sink(02) / 00:00:01:000 para top(01)
Mensaje D / 00:01:11:000 / top(01) / 00:00:01:000 para Root(00)
Mensaje * / 00:01:12:000 / Root(00) para top(01)
Mensaje * / 00:01:12:000 / top(01) para sink(02)
Mensaje Y / 00:01:12:000 / sink(02) / packetsreceived /      3.00000 para top(01)
Mensaje D / 00:01:12:000 / sink(02) / ... para top(01)
Mensaje Y / 00:01:12:000 / top(01) / packetsreceived /      3.00000 para Root(00)
Mensaje D / 00:01:12:000 / top(01) / ... para Root(00)
Mensaje X / 00:01:21:000 / Root(00) / sinkin /      1.00000 para top(01)
Mensaje X / 00:01:21:000 / top(01) / sinkin /      1.00000 para sink(02)
Mensaje D / 00:01:21:000 / sink(02) / ... para top(01)
Mensaje D / 00:01:21:000 / top(01) / ... para Root(00)
Mensaje X / 00:01:31:000 / Root(00) / sinkin /      0.00000 para top(01)
Mensaje X / 00:01:31:000 / top(01) / sinkin /      0.00000 para sink(02)
Mensaje D / 00:01:31:000 / sink(02) / 00:00:01:000 para top(01)
Mensaje D / 00:01:31:000 / top(01) / 00:00:01:000 para Root(00)
Mensaje * / 00:01:32:000 / Root(00) para top(01)
Mensaje * / 00:01:32:000 / top(01) para sink(02)
Mensaje Y / 00:01:32:000 / sink(02) / packetsreceived /      4.00000 para top(01)
Mensaje D / 00:01:32:000 / sink(02) / ... para top(01)
Mensaje Y / 00:01:32:000 / top(01) / packetsreceived /      4.00000 para Root(00)
Mensaje D / 00:01:32:000 / top(01) / ... para Root(00)
Mensaje X / 00:01:41:000 / Root(00) / sinkin /      1.00000 para top(01)
Mensaje X / 00:01:41:000 / top(01) / sinkin /      1.00000 para sink(02)
Mensaje D / 00:01:41:000 / sink(02) / ... para top(01)
Mensaje D / 00:01:41:000 / top(01) / ... para Root(00)
Mensaje X / 00:01:51:000 / Root(00) / sinkin /      0.00000 para top(01)
Mensaje X / 00:01:51:000 / top(01) / sinkin /      0.00000 para sink(02)
Mensaje D / 00:01:51:000 / sink(02) / 00:00:01:000 para top(01)
Mensaje D / 00:01:51:000 / top(01) / 00:00:01:000 para Root(00)
Mensaje * / 00:01:52:000 / Root(00) para top(01)
Mensaje * / 00:01:52:000 / top(01) para sink(02)
Mensaje Y / 00:01:52:000 / sink(02) / packetsreceived /      5.00000 para top(01)
Mensaje D / 00:01:52:000 / sink(02) / ... para top(01)
Mensaje Y / 00:01:52:000 / top(01) / packetsreceived /      5.00000 para Root(00)
Mensaje D / 00:01:52:000 / top(01) / ... para Root(00)
Mensaje X / 00:02:01:000 / Root(00) / sinkin /      1.00000 para top(01)
Mensaje X / 00:02:01:000 / top(01) / sinkin /      1.00000 para sink(02)
Mensaje D / 00:02:01:000 / sink(02) / ... para top(01)
Mensaje D / 00:02:01:000 / top(01) / ... para Root(00)
