Mensaje I / 00:00:00:000 / Root(00) para top(01)
Mensaje I / 00:00:00:000 / top(01) para source(02)
Mensaje D / 00:00:00:000 / source(02) / 00:00:10:000 para top(01)
Mensaje D / 00:00:00:000 / top(01) / 00:00:10:000 para Root(00)
Mensaje * / 00:00:10:000 / Root(00) para top(01)
Mensaje * / 00:00:10:000 / top(01) para source(02)
Mensaje Y / 00:00:10:000 / source(02) / packetout /      0.00000 para top(01)
Mensaje Y / 00:00:10:000 / source(02) / packettotal /      1.00000 para top(01)
Mensaje D / 00:00:10:000 / source(02) / 00:00:10:000 para top(01)
Mensaje Y / 00:00:10:000 / top(01) / packetout /      0.00000 para Root(00)
Mensaje Y / 00:00:10:000 / top(01) / packettotal /      1.00000 para Root(00)
Mensaje D / 00:00:10:000 / top(01) / 00:00:10:000 para Root(00)
Mensaje * / 00:00:20:000 / Root(00) para top(01)
Mensaje * / 00:00:20:000 / top(01) para source(02)
Mensaje Y / 00:00:20:000 / source(02) / packetout /      2.00000 para top(01)
Mensaje Y / 00:00:20:000 / source(02) / packettotal /      2.00000 para top(01)
Mensaje D / 00:00:20:000 / source(02) / 00:00:10:000 para top(01)
Mensaje Y / 00:00:20:000 / top(01) / packetout /      2.00000 para Root(00)
Mensaje Y / 00:00:20:000 / top(01) / packettotal /      2.00000 para Root(00)
Mensaje D / 00:00:20:000 / top(01) / 00:00:10:000 para Root(00)
Mensaje * / 00:00:30:000 / Root(00) para top(01)
Mensaje * / 00:00:30:000 / top(01) para source(02)
Mensaje Y / 00:00:30:000 / source(02) / packetout /      1.00000 para top(01)
Mensaje Y / 00:00:30:000 / source(02) / packettotal /      3.00000 para top(01)
Mensaje D / 00:00:30:000 / source(02) / 00:00:10:000 para top(01)
Mensaje Y / 00:00:30:000 / top(01) / packetout /      1.00000 para Root(00)
Mensaje Y / 00:00:30:000 / top(01) / packettotal /      3.00000 para Root(00)
Mensaje D / 00:00:30:000 / top(01) / 00:00:10:000 para Root(00)
Mensaje * / 00:00:40:000 / Root(00) para top(01)
Mensaje * / 00:00:40:000 / top(01) para source(02)
Mensaje Y / 00:00:40:000 / source(02) / packetout /      1.00000 para top(01)
Mensaje Y / 00:00:40:000 / source(02) / packettotal /      4.00000 para top(01)
Mensaje D / 00:00:40:000 / source(02) / 00:00:10:000 para top(01)
Mensaje Y / 00:00:40:000 / top(01) / packetout /      1.00000 para Root(00)
Mensaje Y / 00:00:40:000 / top(01) / packettotal /      4.00000 para Root(00)
Mensaje D / 00:00:40:000 / top(01) / 00:00:10:000 para Root(00)
Mensaje * / 00:00:50:000 / Root(00) para top(01)
Mensaje * / 00:00:50:000 / top(01) para source(02)
Mensaje Y / 00:00:50:000 / source(02) / packetout /      2.00000 para top(01)
Mensaje Y / 00:00:50:000 / source(02) / packettotal /      5.00000 para top(01)
Mensaje D / 00:00:50:000 / source(02) / 00:00:10:000 para top(01)
Mensaje Y / 00:00:50:000 / top(01) / packetout /      2.00000 para Root(00)
Mensaje Y / 00:00:50:000 / top(01) / packettotal /      5.00000 para Root(00)
Mensaje D / 00:00:50:000 / top(01) / 00:00:10:000 para Root(00)
Mensaje * / 00:01:00:000 / Root(00) para top(01)
Mensaje * / 00:01:00:000 / top(01) para source(02)
Mensaje Y / 00:01:00:000 / source(02) / packetout /      1.00000 para top(01)
Mensaje Y / 00:01:00:000 / source(02) / packettotal /      6.00000 para top(01)
Mensaje D / 00:01:00:000 / source(02) / 00:00:10:000 para top(01)
Mensaje Y / 00:01:00:000 / top(01) / packetout /      1.00000 para Root(00)
Mensaje Y / 00:01:00:000 / top(01) / packettotal /      6.00000 para Root(00)
Mensaje D / 00:01:00:000 / top(01) / 00:00:10:000 para Root(00)
Mensaje * / 00:01:10:000 / Root(00) para top(01)
Mensaje * / 00:01:10:000 / top(01) para source(02)
Mensaje Y / 00:01:10:000 / source(02) / packetout /      0.00000 para top(01)
Mensaje Y / 00:01:10:000 / source(02) / packettotal /      7.00000 para top(01)
Mensaje D / 00:01:10:000 / source(02) / 00:00:10:000 para top(01)
Mensaje Y / 00:01:10:000 / top(01) / packetout /      0.00000 para Root(00)
Mensaje Y / 00:01:10:000 / top(01) / packettotal /      7.00000 para Root(00)
Mensaje D / 00:01:10:000 / top(01) / 00:00:10:000 para Root(00)
Mensaje * / 00:01:20:000 / Root(00) para top(01)
Mensaje * / 00:01:20:000 / top(01) para source(02)
Mensaje Y / 00:01:20:000 / source(02) / packetout /      2.00000 para top(01)
Mensaje Y / 00:01:20:000 / source(02) / packettotal /      8.00000 para top(01)
Mensaje D / 00:01:20:000 / source(02) / 00:00:10:000 para top(01)
Mensaje Y / 00:01:20:000 / top(01) / packetout /      2.00000 para Root(00)
Mensaje Y / 00:01:20:000 / top(01) / packettotal /      8.00000 para Root(00)
Mensaje D / 00:01:20:000 / top(01) / 00:00:10:000 para Root(00)
Mensaje * / 00:01:30:000 / Root(00) para top(01)
Mensaje * / 00:01:30:000 / top(01) para source(02)
Mensaje Y / 00:01:30:000 / source(02) / packetout /      0.00000 para top(01)
Mensaje Y / 00:01:30:000 / source(02) / packettotal /      9.00000 para top(01)
Mensaje D / 00:01:30:000 / source(02) / 00:00:10:000 para top(01)
Mensaje Y / 00:01:30:000 / top(01) / packetout /      0.00000 para Root(00)
Mensaje Y / 00:01:30:000 / top(01) / packettotal /      9.00000 para Root(00)
Mensaje D / 00:01:30:000 / top(01) / 00:00:10:000 para Root(00)
Mensaje * / 00:01:40:000 / Root(00) para top(01)
Mensaje * / 00:01:40:000 / top(01) para source(02)
Mensaje Y / 00:01:40:000 / source(02) / packetout /      0.00000 para top(01)
Mensaje Y / 00:01:40:000 / source(02) / packettotal /     10.00000 para top(01)
Mensaje D / 00:01:40:000 / source(02) / 00:00:10:000 para top(01)
Mensaje Y / 00:01:40:000 / top(01) / packetout /      0.00000 para Root(00)
Mensaje Y / 00:01:40:000 / top(01) / packettotal /     10.00000 para Root(00)
Mensaje D / 00:01:40:000 / top(01) / 00:00:10:000 para Root(00)
Mensaje * / 00:01:50:000 / Root(00) para top(01)
Mensaje * / 00:01:50:000 / top(01) para source(02)
Mensaje Y / 00:01:50:000 / source(02) / packetout /      2.00000 para top(01)
Mensaje Y / 00:01:50:000 / source(02) / packettotal /     11.00000 para top(01)
Mensaje D / 00:01:50:000 / source(02) / 00:00:10:000 para top(01)
Mensaje Y / 00:01:50:000 / top(01) / packetout /      2.00000 para Root(00)
Mensaje Y / 00:01:50:000 / top(01) / packettotal /     11.00000 para Root(00)
Mensaje D / 00:01:50:000 / top(01) / 00:00:10:000 para Root(00)
Mensaje * / 00:02:00:000 / Root(00) para top(01)
Mensaje * / 00:02:00:000 / top(01) para source(02)
Mensaje Y / 00:02:00:000 / source(02) / packetout /      0.00000 para top(01)
Mensaje Y / 00:02:00:000 / source(02) / packettotal /     12.00000 para top(01)
Mensaje D / 00:02:00:000 / source(02) / 00:00:10:000 para top(01)
Mensaje Y / 00:02:00:000 / top(01) / packetout /      0.00000 para Root(00)
Mensaje Y / 00:02:00:000 / top(01) / packettotal /     12.00000 para Root(00)
Mensaje D / 00:02:00:000 / top(01) / 00:00:10:000 para Root(00)
