Mensaje I / 00:00:00:000 / Root(00) para top(01)
Mensaje I / 00:00:00:000 / top(01) para source(02)
Mensaje I / 00:00:00:000 / top(01) para switchnode(03)
Mensaje I / 00:00:00:000 / top(01) para sink1(06)
Mensaje I / 00:00:00:000 / top(01) para sink2(07)
Mensaje D / 00:00:00:000 / source(02) / 00:00:10:000 para top(01)
Mensaje I / 00:00:00:000 / switchnode(03) para queue(04)
Mensaje I / 00:00:00:000 / switchnode(03) para switch(05)
Mensaje D / 00:00:00:000 / sink1(06) / ... para top(01)
Mensaje D / 00:00:00:000 / sink2(07) / ... para top(01)
Mensaje D / 00:00:00:000 / queue(04) / ... para switchnode(03)
Mensaje D / 00:00:00:000 / switch(05) / ... para switchnode(03)
Mensaje D / 00:00:00:000 / switchnode(03) / ... para top(01)
Mensaje D / 00:00:00:000 / top(01) / 00:00:10:000 para Root(00)
Mensaje * / 00:00:10:000 / Root(00) para top(01)
Mensaje * / 00:00:10:000 / top(01) para source(02)
Mensaje Y / 00:00:10:000 / source(02) / packetout /      0.00000 para top(01)
Mensaje Y / 00:00:10:000 / source(02) / packettotal /      1.00000 para top(01)
Mensaje D / 00:00:10:000 / source(02) / 00:00:10:000 para top(01)
Mensaje X / 00:00:10:000 / top(01) / in /      0.00000 para switchnode(03)
Mensaje Y / 00:00:10:000 / top(01) / packettotal /      1.00000 para Root(00)
Mensaje X / 00:00:10:000 / switchnode(03) / in /      0.00000 para queue(04)
Mensaje D / 00:00:10:000 / queue(04) / 00:00:03:000 para switchnode(03)
Mensaje D / 00:00:10:000 / switchnode(03) / 00:00:03:000 para top(01)
Mensaje D / 00:00:10:000 / top(01) / 00:00:03:000 para Root(00)
Mensaje * / 00:00:13:000 / Root(00) para top(01)
Mensaje * / 00:00:13:000 / top(01) para switchnode(03)
Mensaje * / 00:00:13:000 / switchnode(03) para queue(04)
Mensaje Y / 00:00:13:000 / queue(04) / out /      0.00000 para switchnode(03)
Mensaje D / 00:00:13:000 / queue(04) / ... para switchnode(03)
Mensaje X / 00:00:13:000 / switchnode(03) / switchin /      0.00000 para switch(05)
Mensaje D / 00:00:13:000 / switch(05) / 00:00:02:000 para switchnode(03)
Mensaje D / 00:00:13:000 / switchnode(03) / 00:00:02:000 para top(01)
Mensaje D / 00:00:13:000 / top(01) / 00:00:02:000 para Root(00)
Mensaje * / 00:00:15:000 / Root(00) para top(01)
Mensaje * / 00:00:15:000 / top(01) para switchnode(03)
Mensaje * / 00:00:15:000 / switchnode(03) para switch(05)
Mensaje Y / 00:00:15:000 / switch(05) / switchout1 /      0.00000 para switchnode(03)
Mensaje D / 00:00:15:000 / switch(05) / ... para switchnode(03)
Mensaje Y / 00:00:15:000 / switchnode(03) / out1 /      0.00000 para top(01)
Mensaje X / 00:00:15:000 / switchnode(03) / done /      0.00000 para queue(04)
Mensaje X / 00:00:15:000 / top(01) / sinkin /      0.00000 para sink1(06)
Mensaje D / 00:00:15:000 / queue(04) / ... para switchnode(03)
Mensaje D / 00:00:15:000 / sink1(06) / 00:00:01:000 para top(01)
Mensaje D / 00:00:15:000 / switchnode(03) / ... para top(01)
Mensaje D / 00:00:15:000 / top(01) / 00:00:01:000 para Root(00)
Mensaje * / 00:00:16:000 / Root(00) para top(01)
Mensaje * / 00:00:16:000 / top(01) para sink1(06)
Mensaje Y / 00:00:16:000 / sink1(06) / packetsreceived /      1.00000 para top(01)
Mensaje D / 00:00:16:000 / sink1(06) / ... para top(01)
Mensaje Y / 00:00:16:000 / top(01) / packetsreceived1 /      1.00000 para Root(00)
Mensaje D / 00:00:16:000 / top(01) / 00:00:04:000 para Root(00)
Mensaje * / 00:00:20:000 / Root(00) para top(01)
Mensaje * / 00:00:20:000 / top(01) para source(02)
Mensaje Y / 00:00:20:000 / source(02) / packetout /      1.00000 para top(01)
Mensaje Y / 00:00:20:000 / source(02) / packettotal /      2.00000 para top(01)
Mensaje D / 00:00:20:000 / source(02) / 00:00:10:000 para top(01)
Mensaje X / 00:00:20:000 / top(01) / in /      1.00000 para switchnode(03)
Mensaje Y / 00:00:20:000 / top(01) / packettotal /      2.00000 para Root(00)
Mensaje X / 00:00:20:000 / switchnode(03) / in /      1.00000 para queue(04)
Mensaje D / 00:00:20:000 / queue(04) / 00:00:03:000 para switchnode(03)
Mensaje D / 00:00:20:000 / switchnode(03) / 00:00:03:000 para top(01)
Mensaje D / 00:00:20:000 / top(01) / 00:00:03:000 para Root(00)
Mensaje * / 00:00:23:000 / Root(00) para top(01)
Mensaje * / 00:00:23:000 / top(01) para switchnode(03)
Mensaje * / 00:00:23:000 / switchnode(03) para queue(04)
Mensaje Y / 00:00:23:000 / queue(04) / out /      1.00000 para switchnode(03)
Mensaje D / 00:00:23:000 / queue(04) / ... para switchnode(03)
Mensaje X / 00:00:23:000 / switchnode(03) / switchin /      1.00000 para switch(05)
Mensaje D / 00:00:23:000 / switch(05) / 00:00:02:000 para switchnode(03)
Mensaje D / 00:00:23:000 / switchnode(03) / 00:00:02:000 para top(01)
Mensaje D / 00:00:23:000 / top(01) / 00:00:02:000 para Root(00)
Mensaje * / 00:00:25:000 / Root(00) para top(01)
Mensaje * / 00:00:25:000 / top(01) para switchnode(03)
Mensaje * / 00:00:25:000 / switchnode(03) para switch(05)
Mensaje Y / 00:00:25:000 / switch(05) / switchout2 /      1.00000 para switchnode(03)
Mensaje D / 00:00:25:000 / switch(05) / ... para switchnode(03)
Mensaje Y / 00:00:25:000 / switchnode(03) / out2 /      1.00000 para top(01)
Mensaje X / 00:00:25:000 / switchnode(03) / done /      1.00000 para queue(04)
Mensaje X / 00:00:25:000 / top(01) / sinkin /      1.00000 para sink2(07)
Mensaje D / 00:00:25:000 / queue(04) / ... para switchnode(03)
Mensaje D / 00:00:25:000 / sink2(07) / 00:00:01:000 para top(01)
Mensaje D / 00:00:25:000 / switchnode(03) / ... para top(01)
Mensaje D / 00:00:25:000 / top(01) / 00:00:01:000 para Root(00)
Mensaje * / 00:00:26:000 / Root(00) para top(01)
Mensaje * / 00:00:26:000 / top(01) para sink2(07)
Mensaje Y / 00:00:26:000 / sink2(07) / packetsreceived /      1.00000 para top(01)
Mensaje D / 00:00:26:000 / sink2(07) / ... para top(01)
Mensaje Y / 00:00:26:000 / top(01) / packetsreceived2 /      1.00000 para Root(00)
Mensaje D / 00:00:26:000 / top(01) / 00:00:04:000 para Root(00)
Mensaje * / 00:00:30:000 / Root(00) para top(01)
Mensaje * / 00:00:30:000 / top(01) para source(02)
Mensaje Y / 00:00:30:000 / source(02) / packetout /      2.00000 para top(01)
Mensaje Y / 00:00:30:000 / source(02) / packettotal /      3.00000 para top(01)
Mensaje D / 00:00:30:000 / source(02) / 00:00:10:000 para top(01)
Mensaje X / 00:00:30:000 / top(01) / in /      2.00000 para switchnode(03)
Mensaje Y / 00:00:30:000 / top(01) / packettotal /      3.00000 para Root(00)
Mensaje X / 00:00:30:000 / switchnode(03) / in /      2.00000 para queue(04)
Mensaje D / 00:00:30:000 / queue(04) / 00:00:03:000 para switchnode(03)
Mensaje D / 00:00:30:000 / switchnode(03) / 00:00:03:000 para top(01)
Mensaje D / 00:00:30:000 / top(01) / 00:00:03:000 para Root(00)
Mensaje * / 00:00:33:000 / Root(00) para top(01)
Mensaje * / 00:00:33:000 / top(01) para switchnode(03)
Mensaje * / 00:00:33:000 / switchnode(03) para queue(04)
Mensaje Y / 00:00:33:000 / queue(04) / out /      2.00000 para switchnode(03)
Mensaje D / 00:00:33:000 / queue(04) / ... para switchnode(03)
Mensaje X / 00:00:33:000 / switchnode(03) / switchin /      2.00000 para switch(05)
Mensaje D / 00:00:33:000 / switch(05) / 00:00:02:000 para switchnode(03)
Mensaje D / 00:00:33:000 / switchnode(03) / 00:00:02:000 para top(01)
Mensaje D / 00:00:33:000 / top(01) / 00:00:02:000 para Root(00)
Mensaje * / 00:00:35:000 / Root(00) para top(01)
Mensaje * / 00:00:35:000 / top(01) para switchnode(03)
Mensaje * / 00:00:35:000 / switchnode(03) para switch(05)
Mensaje Y / 00:00:35:000 / switch(05) / gateway /      2.00000 para switchnode(03)
Mensaje D / 00:00:35:000 / switch(05) / ... para switchnode(03)
Mensaje Y / 00:00:35:000 / switchnode(03) / gateway /      2.00000 para top(01)
Mensaje X / 00:00:35:000 / switchnode(03) / done /      2.00000 para queue(04)
Mensaje Y / 00:00:35:000 / top(01) / gateway /      2.00000 para Root(00)
Mensaje D / 00:00:35:000 / queue(04) / ... para switchnode(03)
Mensaje D / 00:00:35:000 / switchnode(03) / ... para top(01)
Mensaje D / 00:00:35:000 / top(01) / 00:00:05:000 para Root(00)
Mensaje * / 00:00:40:000 / Root(00) para top(01)
Mensaje * / 00:00:40:000 / top(01) para source(02)
Mensaje Y / 00:00:40:000 / source(02) / packetout /      2.00000 para top(01)
Mensaje Y / 00:00:40:000 / source(02) / packettotal /      4.00000 para top(01)
Mensaje D / 00:00:40:000 / source(02) / 00:00:10:000 para top(01)
Mensaje X / 00:00:40:000 / top(01) / in /      2.00000 para switchnode(03)
Mensaje Y / 00:00:40:000 / top(01) / packettotal /      4.00000 para Root(00)
Mensaje X / 00:00:40:000 / switchnode(03) / in /      2.00000 para queue(04)
Mensaje D / 00:00:40:000 / queue(04) / 00:00:03:000 para switchnode(03)
Mensaje D / 00:00:40:000 / switchnode(03) / 00:00:03:000 para top(01)
Mensaje D / 00:00:40:000 / top(01) / 00:00:03:000 para Root(00)
Mensaje * / 00:00:43:000 / Root(00) para top(01)
Mensaje * / 00:00:43:000 / top(01) para switchnode(03)
Mensaje * / 00:00:43:000 / switchnode(03) para queue(04)
Mensaje Y / 00:00:43:000 / queue(04) / out /      2.00000 para switchnode(03)
Mensaje D / 00:00:43:000 / queue(04) / ... para switchnode(03)
Mensaje X / 00:00:43:000 / switchnode(03) / switchin /      2.00000 para switch(05)
Mensaje D / 00:00:43:000 / switch(05) / 00:00:02:000 para switchnode(03)
Mensaje D / 00:00:43:000 / switchnode(03) / 00:00:02:000 para top(01)
Mensaje D / 00:00:43:000 / top(01) / 00:00:02:000 para Root(00)
Mensaje * / 00:00:45:000 / Root(00) para top(01)
Mensaje * / 00:00:45:000 / top(01) para switchnode(03)
Mensaje * / 00:00:45:000 / switchnode(03) para switch(05)
Mensaje Y / 00:00:45:000 / switch(05) / gateway /      2.00000 para switchnode(03)
Mensaje D / 00:00:45:000 / switch(05) / ... para switchnode(03)
Mensaje Y / 00:00:45:000 / switchnode(03) / gateway /      2.00000 para top(01)
Mensaje X / 00:00:45:000 / switchnode(03) / done /      2.00000 para queue(04)
Mensaje Y / 00:00:45:000 / top(01) / gateway /      2.00000 para Root(00)
Mensaje D / 00:00:45:000 / queue(04) / ... para switchnode(03)
Mensaje D / 00:00:45:000 / switchnode(03) / ... para top(01)
Mensaje D / 00:00:45:000 / top(01) / 00:00:05:000 para Root(00)
Mensaje * / 00:00:50:000 / Root(00) para top(01)
Mensaje * / 00:00:50:000 / top(01) para source(02)
Mensaje Y / 00:00:50:000 / source(02) / packetout /      0.00000 para top(01)
Mensaje Y / 00:00:50:000 / source(02) / packettotal /      5.00000 para top(01)
Mensaje D / 00:00:50:000 / source(02) / 00:00:10:000 para top(01)
Mensaje X / 00:00:50:000 / top(01) / in /      0.00000 para switchnode(03)
Mensaje Y / 00:00:50:000 / top(01) / packettotal /      5.00000 para Root(00)
Mensaje X / 00:00:50:000 / switchnode(03) / in /      0.00000 para queue(04)
Mensaje D / 00:00:50:000 / queue(04) / 00:00:03:000 para switchnode(03)
Mensaje D / 00:00:50:000 / switchnode(03) / 00:00:03:000 para top(01)
Mensaje D / 00:00:50:000 / top(01) / 00:00:03:000 para Root(00)
Mensaje * / 00:00:53:000 / Root(00) para top(01)
Mensaje * / 00:00:53:000 / top(01) para switchnode(03)
Mensaje * / 00:00:53:000 / switchnode(03) para queue(04)
Mensaje Y / 00:00:53:000 / queue(04) / out /      0.00000 para switchnode(03)
Mensaje D / 00:00:53:000 / queue(04) / ... para switchnode(03)
Mensaje X / 00:00:53:000 / switchnode(03) / switchin /      0.00000 para switch(05)
Mensaje D / 00:00:53:000 / switch(05) / 00:00:02:000 para switchnode(03)
Mensaje D / 00:00:53:000 / switchnode(03) / 00:00:02:000 para top(01)
Mensaje D / 00:00:53:000 / top(01) / 00:00:02:000 para Root(00)
Mensaje * / 00:00:55:000 / Root(00) para top(01)
Mensaje * / 00:00:55:000 / top(01) para switchnode(03)
Mensaje * / 00:00:55:000 / switchnode(03) para switch(05)
Mensaje Y / 00:00:55:000 / switch(05) / switchout1 /      0.00000 para switchnode(03)
Mensaje D / 00:00:55:000 / switch(05) / ... para switchnode(03)
Mensaje Y / 00:00:55:000 / switchnode(03) / out1 /      0.00000 para top(01)
Mensaje X / 00:00:55:000 / switchnode(03) / done /      0.00000 para queue(04)
Mensaje X / 00:00:55:000 / top(01) / sinkin /      0.00000 para sink1(06)
Mensaje D / 00:00:55:000 / queue(04) / ... para switchnode(03)
Mensaje D / 00:00:55:000 / sink1(06) / 00:00:01:000 para top(01)
Mensaje D / 00:00:55:000 / switchnode(03) / ... para top(01)
Mensaje D / 00:00:55:000 / top(01) / 00:00:01:000 para Root(00)
Mensaje * / 00:00:56:000 / Root(00) para top(01)
Mensaje * / 00:00:56:000 / top(01) para sink1(06)
Mensaje Y / 00:00:56:000 / sink1(06) / packetsreceived /      2.00000 para top(01)
Mensaje D / 00:00:56:000 / sink1(06) / ... para top(01)
Mensaje Y / 00:00:56:000 / top(01) / packetsreceived1 /      2.00000 para Root(00)
Mensaje D / 00:00:56:000 / top(01) / 00:00:04:000 para Root(00)
Mensaje * / 00:01:00:000 / Root(00) para top(01)
Mensaje * / 00:01:00:000 / top(01) para source(02)
Mensaje Y / 00:01:00:000 / source(02) / packetout /      1.00000 para top(01)
Mensaje Y / 00:01:00:000 / source(02) / packettotal /      6.00000 para top(01)
Mensaje D / 00:01:00:000 / source(02) / 00:00:10:000 para top(01)
Mensaje X / 00:01:00:000 / top(01) / in /      1.00000 para switchnode(03)
Mensaje Y / 00:01:00:000 / top(01) / packettotal /      6.00000 para Root(00)
Mensaje X / 00:01:00:000 / switchnode(03) / in /      1.00000 para queue(04)
Mensaje D / 00:01:00:000 / queue(04) / 00:00:03:000 para switchnode(03)
Mensaje D / 00:01:00:000 / switchnode(03) / 00:00:03:000 para top(01)
Mensaje D / 00:01:00:000 / top(01) / 00:00:03:000 para Root(00)
Mensaje * / 00:01:03:000 / Root(00) para top(01)
Mensaje * / 00:01:03:000 / top(01) para switchnode(03)
Mensaje * / 00:01:03:000 / switchnode(03) para queue(04)
Mensaje Y / 00:01:03:000 / queue(04) / out /      1.00000 para switchnode(03)
Mensaje D / 00:01:03:000 / queue(04) / ... para switchnode(03)
Mensaje X / 00:01:03:000 / switchnode(03) / switchin /      1.00000 para switch(05)
Mensaje D / 00:01:03:000 / switch(05) / 00:00:02:000 para switchnode(03)
Mensaje D / 00:01:03:000 / switchnode(03) / 00:00:02:000 para top(01)
Mensaje D / 00:01:03:000 / top(01) / 00:00:02:000 para Root(00)
Mensaje * / 00:01:05:000 / Root(00) para top(01)
Mensaje * / 00:01:05:000 / top(01) para switchnode(03)
Mensaje * / 00:01:05:000 / switchnode(03) para switch(05)
Mensaje Y / 00:01:05:000 / switch(05) / switchout2 /      1.00000 para switchnode(03)
Mensaje D / 00:01:05:000 / switch(05) / ... para switchnode(03)
Mensaje Y / 00:01:05:000 / switchnode(03) / out2 /      1.00000 para top(01)
Mensaje X / 00:01:05:000 / switchnode(03) / done /      1.00000 para queue(04)
Mensaje X / 00:01:05:000 / top(01) / sinkin /      1.00000 para sink2(07)
Mensaje D / 00:01:05:000 / queue(04) / ... para switchnode(03)
Mensaje D / 00:01:05:000 / sink2(07) / 00:00:01:000 para top(01)
Mensaje D / 00:01:05:000 / switchnode(03) / ... para top(01)
Mensaje D / 00:01:05:000 / top(01) / 00:00:01:000 para Root(00)
Mensaje * / 00:01:06:000 / Root(00) para top(01)
Mensaje * / 00:01:06:000 / top(01) para sink2(07)
Mensaje Y / 00:01:06:000 / sink2(07) / packetsreceived /      2.00000 para top(01)
Mensaje D / 00:01:06:000 / sink2(07) / ... para top(01)
Mensaje Y / 00:01:06:000 / top(01) / packetsreceived2 /      2.00000 para Root(00)
Mensaje D / 00:01:06:000 / top(01) / 00:00:04:000 para Root(00)
Mensaje * / 00:01:10:000 / Root(00) para top(01)
Mensaje * / 00:01:10:000 / top(01) para source(02)
Mensaje Y / 00:01:10:000 / source(02) / packetout /      1.00000 para top(01)
Mensaje Y / 00:01:10:000 / source(02) / packettotal /      7.00000 para top(01)
Mensaje D / 00:01:10:000 / source(02) / 00:00:10:000 para top(01)
Mensaje X / 00:01:10:000 / top(01) / in /      1.00000 para switchnode(03)
Mensaje Y / 00:01:10:000 / top(01) / packettotal /      7.00000 para Root(00)
Mensaje X / 00:01:10:000 / switchnode(03) / in /      1.00000 para queue(04)
Mensaje D / 00:01:10:000 / queue(04) / 00:00:03:000 para switchnode(03)
Mensaje D / 00:01:10:000 / switchnode(03) / 00:00:03:000 para top(01)
Mensaje D / 00:01:10:000 / top(01) / 00:00:03:000 para Root(00)
Mensaje * / 00:01:13:000 / Root(00) para top(01)
Mensaje * / 00:01:13:000 / top(01) para switchnode(03)
Mensaje * / 00:01:13:000 / switchnode(03) para queue(04)
Mensaje Y / 00:01:13:000 / queue(04) / out /      1.00000 para switchnode(03)
Mensaje D / 00:01:13:000 / queue(04) / ... para switchnode(03)
Mensaje X / 00:01:13:000 / switchnode(03) / switchin /      1.00000 para switch(05)
Mensaje D / 00:01:13:000 / switch(05) / 00:00:02:000 para switchnode(03)
Mensaje D / 00:01:13:000 / switchnode(03) / 00:00:02:000 para top(01)
Mensaje D / 00:01:13:000 / top(01) / 00:00:02:000 para Root(00)
Mensaje * / 00:01:15:000 / Root(00) para top(01)
Mensaje * / 00:01:15:000 / top(01) para switchnode(03)
Mensaje * / 00:01:15:000 / switchnode(03) para switch(05)
Mensaje Y / 00:01:15:000 / switch(05) / switchout2 /      1.00000 para switchnode(03)
Mensaje D / 00:01:15:000 / switch(05) / ... para switchnode(03)
Mensaje Y / 00:01:15:000 / switchnode(03) / out2 /      1.00000 para top(01)
Mensaje X / 00:01:15:000 / switchnode(03) / done /      1.00000 para queue(04)
Mensaje X / 00:01:15:000 / top(01) / sinkin /      1.00000 para sink2(07)
Mensaje D / 00:01:15:000 / queue(04) / ... para switchnode(03)
Mensaje D / 00:01:15:000 / sink2(07) / 00:00:01:000 para top(01)
Mensaje D / 00:01:15:000 / switchnode(03) / ... para top(01)
Mensaje D / 00:01:15:000 / top(01) / 00:00:01:000 para Root(00)
Mensaje * / 00:01:16:000 / Root(00) para top(01)
Mensaje * / 00:01:16:000 / top(01) para sink2(07)
Mensaje Y / 00:01:16:000 / sink2(07) / packetsreceived /      3.00000 para top(01)
Mensaje D / 00:01:16:000 / sink2(07) / ... para top(01)
Mensaje Y / 00:01:16:000 / top(01) / packetsreceived2 /      3.00000 para Root(00)
Mensaje D / 00:01:16:000 / top(01) / 00:00:04:000 para Root(00)
Mensaje * / 00:01:20:000 / Root(00) para top(01)
Mensaje * / 00:01:20:000 / top(01) para source(02)
Mensaje Y / 00:01:20:000 / source(02) / packetout /      1.00000 para top(01)
Mensaje Y / 00:01:20:000 / source(02) / packettotal /      8.00000 para top(01)
Mensaje D / 00:01:20:000 / source(02) / 00:00:10:000 para top(01)
Mensaje X / 00:01:20:000 / top(01) / in /      1.00000 para switchnode(03)
Mensaje Y / 00:01:20:000 / top(01) / packettotal /      8.00000 para Root(00)
Mensaje X / 00:01:20:000 / switchnode(03) / in /      1.00000 para queue(04)
Mensaje D / 00:01:20:000 / queue(04) / 00:00:03:000 para switchnode(03)
Mensaje D / 00:01:20:000 / switchnode(03) / 00:00:03:000 para top(01)
Mensaje D / 00:01:20:000 / top(01) / 00:00:03:000 para Root(00)
Mensaje * / 00:01:23:000 / Root(00) para top(01)
Mensaje * / 00:01:23:000 / top(01) para switchnode(03)
Mensaje * / 00:01:23:000 / switchnode(03) para queue(04)
Mensaje Y / 00:01:23:000 / queue(04) / out /      1.00000 para switchnode(03)
Mensaje D / 00:01:23:000 / queue(04) / ... para switchnode(03)
Mensaje X / 00:01:23:000 / switchnode(03) / switchin /      1.00000 para switch(05)
Mensaje D / 00:01:23:000 / switch(05) / 00:00:02:000 para switchnode(03)
Mensaje D / 00:01:23:000 / switchnode(03) / 00:00:02:000 para top(01)
Mensaje D / 00:01:23:000 / top(01) / 00:00:02:000 para Root(00)
Mensaje * / 00:01:25:000 / Root(00) para top(01)
Mensaje * / 00:01:25:000 / top(01) para switchnode(03)
Mensaje * / 00:01:25:000 / switchnode(03) para switch(05)
Mensaje Y / 00:01:25:000 / switch(05) / switchout2 /      1.00000 para switchnode(03)
Mensaje D / 00:01:25:000 / switch(05) / ... para switchnode(03)
Mensaje Y / 00:01:25:000 / switchnode(03) / out2 /      1.00000 para top(01)
Mensaje X / 00:01:25:000 / switchnode(03) / done /      1.00000 para queue(04)
Mensaje X / 00:01:25:000 / top(01) / sinkin /      1.00000 para sink2(07)
Mensaje D / 00:01:25:000 / queue(04) / ... para switchnode(03)
Mensaje D / 00:01:25:000 / sink2(07) / 00:00:01:000 para top(01)
Mensaje D / 00:01:25:000 / switchnode(03) / ... para top(01)
Mensaje D / 00:01:25:000 / top(01) / 00:00:01:000 para Root(00)
Mensaje * / 00:01:26:000 / Root(00) para top(01)
Mensaje * / 00:01:26:000 / top(01) para sink2(07)
Mensaje Y / 00:01:26:000 / sink2(07) / packetsreceived /      4.00000 para top(01)
Mensaje D / 00:01:26:000 / sink2(07) / ... para top(01)
Mensaje Y / 00:01:26:000 / top(01) / packetsreceived2 /      4.00000 para Root(00)
Mensaje D / 00:01:26:000 / top(01) / 00:00:04:000 para Root(00)
Mensaje * / 00:01:30:000 / Root(00) para top(01)
Mensaje * / 00:01:30:000 / top(01) para source(02)
Mensaje Y / 00:01:30:000 / source(02) / packetout /      0.00000 para top(01)
Mensaje Y / 00:01:30:000 / source(02) / packettotal /      9.00000 para top(01)
Mensaje D / 00:01:30:000 / source(02) / 00:00:10:000 para top(01)
Mensaje X / 00:01:30:000 / top(01) / in /      0.00000 para switchnode(03)
Mensaje Y / 00:01:30:000 / top(01) / packettotal /      9.00000 para Root(00)
Mensaje X / 00:01:30:000 / switchnode(03) / in /      0.00000 para queue(04)
Mensaje D / 00:01:30:000 / queue(04) / 00:00:03:000 para switchnode(03)
Mensaje D / 00:01:30:000 / switchnode(03) / 00:00:03:000 para top(01)
Mensaje D / 00:01:30:000 / top(01) / 00:00:03:000 para Root(00)
Mensaje * / 00:01:33:000 / Root(00) para top(01)
Mensaje * / 00:01:33:000 / top(01) para switchnode(03)
Mensaje * / 00:01:33:000 / switchnode(03) para queue(04)
Mensaje Y / 00:01:33:000 / queue(04) / out /      0.00000 para switchnode(03)
Mensaje D / 00:01:33:000 / queue(04) / ... para switchnode(03)
Mensaje X / 00:01:33:000 / switchnode(03) / switchin /      0.00000 para switch(05)
Mensaje D / 00:01:33:000 / switch(05) / 00:00:02:000 para switchnode(03)
Mensaje D / 00:01:33:000 / switchnode(03) / 00:00:02:000 para top(01)
Mensaje D / 00:01:33:000 / top(01) / 00:00:02:000 para Root(00)
Mensaje * / 00:01:35:000 / Root(00) para top(01)
Mensaje * / 00:01:35:000 / top(01) para switchnode(03)
Mensaje * / 00:01:35:000 / switchnode(03) para switch(05)
Mensaje Y / 00:01:35:000 / switch(05) / switchout1 /      0.00000 para switchnode(03)
Mensaje D / 00:01:35:000 / switch(05) / ... para switchnode(03)
Mensaje Y / 00:01:35:000 / switchnode(03) / out1 /      0.00000 para top(01)
Mensaje X / 00:01:35:000 / switchnode(03) / done /      0.00000 para queue(04)
Mensaje X / 00:01:35:000 / top(01) / sinkin /      0.00000 para sink1(06)
Mensaje D / 00:01:35:000 / queue(04) / ... para switchnode(03)
Mensaje D / 00:01:35:000 / sink1(06) / 00:00:01:000 para top(01)
Mensaje D / 00:01:35:000 / switchnode(03) / ... para top(01)
Mensaje D / 00:01:35:000 / top(01) / 00:00:01:000 para Root(00)
Mensaje * / 00:01:36:000 / Root(00) para top(01)
Mensaje * / 00:01:36:000 / top(01) para sink1(06)
Mensaje Y / 00:01:36:000 / sink1(06) / packetsreceived /      3.00000 para top(01)
Mensaje D / 00:01:36:000 / sink1(06) / ... para top(01)
Mensaje Y / 00:01:36:000 / top(01) / packetsreceived1 /      3.00000 para Root(00)
Mensaje D / 00:01:36:000 / top(01) / 00:00:04:000 para Root(00)
Mensaje * / 00:01:40:000 / Root(00) para top(01)
Mensaje * / 00:01:40:000 / top(01) para source(02)
Mensaje Y / 00:01:40:000 / source(02) / packetout /      2.00000 para top(01)
Mensaje Y / 00:01:40:000 / source(02) / packettotal /     10.00000 para top(01)
Mensaje D / 00:01:40:000 / source(02) / 00:00:10:000 para top(01)
Mensaje X / 00:01:40:000 / top(01) / in /      2.00000 para switchnode(03)
Mensaje Y / 00:01:40:000 / top(01) / packettotal /     10.00000 para Root(00)
Mensaje X / 00:01:40:000 / switchnode(03) / in /      2.00000 para queue(04)
Mensaje D / 00:01:40:000 / queue(04) / 00:00:03:000 para switchnode(03)
Mensaje D / 00:01:40:000 / switchnode(03) / 00:00:03:000 para top(01)
Mensaje D / 00:01:40:000 / top(01) / 00:00:03:000 para Root(00)
Mensaje * / 00:01:43:000 / Root(00) para top(01)
Mensaje * / 00:01:43:000 / top(01) para switchnode(03)
Mensaje * / 00:01:43:000 / switchnode(03) para queue(04)
Mensaje Y / 00:01:43:000 / queue(04) / out /      2.00000 para switchnode(03)
Mensaje D / 00:01:43:000 / queue(04) / ... para switchnode(03)
Mensaje X / 00:01:43:000 / switchnode(03) / switchin /      2.00000 para switch(05)
Mensaje D / 00:01:43:000 / switch(05) / 00:00:02:000 para switchnode(03)
Mensaje D / 00:01:43:000 / switchnode(03) / 00:00:02:000 para top(01)
Mensaje D / 00:01:43:000 / top(01) / 00:00:02:000 para Root(00)
Mensaje * / 00:01:45:000 / Root(00) para top(01)
Mensaje * / 00:01:45:000 / top(01) para switchnode(03)
Mensaje * / 00:01:45:000 / switchnode(03) para switch(05)
Mensaje Y / 00:01:45:000 / switch(05) / gateway /      2.00000 para switchnode(03)
Mensaje D / 00:01:45:000 / switch(05) / ... para switchnode(03)
Mensaje Y / 00:01:45:000 / switchnode(03) / gateway /      2.00000 para top(01)
Mensaje X / 00:01:45:000 / switchnode(03) / done /      2.00000 para queue(04)
Mensaje Y / 00:01:45:000 / top(01) / gateway /      2.00000 para Root(00)
Mensaje D / 00:01:45:000 / queue(04) / ... para switchnode(03)
Mensaje D / 00:01:45:000 / switchnode(03) / ... para top(01)
Mensaje D / 00:01:45:000 / top(01) / 00:00:05:000 para Root(00)
Mensaje * / 00:01:50:000 / Root(00) para top(01)
Mensaje * / 00:01:50:000 / top(01) para source(02)
Mensaje Y / 00:01:50:000 / source(02) / packetout /      1.00000 para top(01)
Mensaje Y / 00:01:50:000 / source(02) / packettotal /     11.00000 para top(01)
Mensaje D / 00:01:50:000 / source(02) / 00:00:10:000 para top(01)
Mensaje X / 00:01:50:000 / top(01) / in /      1.00000 para switchnode(03)
Mensaje Y / 00:01:50:000 / top(01) / packettotal /     11.00000 para Root(00)
Mensaje X / 00:01:50:000 / switchnode(03) / in /      1.00000 para queue(04)
Mensaje D / 00:01:50:000 / queue(04) / 00:00:03:000 para switchnode(03)
Mensaje D / 00:01:50:000 / switchnode(03) / 00:00:03:000 para top(01)
Mensaje D / 00:01:50:000 / top(01) / 00:00:03:000 para Root(00)
Mensaje * / 00:01:53:000 / Root(00) para top(01)
Mensaje * / 00:01:53:000 / top(01) para switchnode(03)
Mensaje * / 00:01:53:000 / switchnode(03) para queue(04)
Mensaje Y / 00:01:53:000 / queue(04) / out /      1.00000 para switchnode(03)
Mensaje D / 00:01:53:000 / queue(04) / ... para switchnode(03)
Mensaje X / 00:01:53:000 / switchnode(03) / switchin /      1.00000 para switch(05)
Mensaje D / 00:01:53:000 / switch(05) / 00:00:02:000 para switchnode(03)
Mensaje D / 00:01:53:000 / switchnode(03) / 00:00:02:000 para top(01)
Mensaje D / 00:01:53:000 / top(01) / 00:00:02:000 para Root(00)
Mensaje * / 00:01:55:000 / Root(00) para top(01)
Mensaje * / 00:01:55:000 / top(01) para switchnode(03)
Mensaje * / 00:01:55:000 / switchnode(03) para switch(05)
Mensaje Y / 00:01:55:000 / switch(05) / switchout2 /      1.00000 para switchnode(03)
Mensaje D / 00:01:55:000 / switch(05) / ... para switchnode(03)
Mensaje Y / 00:01:55:000 / switchnode(03) / out2 /      1.00000 para top(01)
Mensaje X / 00:01:55:000 / switchnode(03) / done /      1.00000 para queue(04)
Mensaje X / 00:01:55:000 / top(01) / sinkin /      1.00000 para sink2(07)
Mensaje D / 00:01:55:000 / queue(04) / ... para switchnode(03)
Mensaje D / 00:01:55:000 / sink2(07) / 00:00:01:000 para top(01)
Mensaje D / 00:01:55:000 / switchnode(03) / ... para top(01)
Mensaje D / 00:01:55:000 / top(01) / 00:00:01:000 para Root(00)
Mensaje * / 00:01:56:000 / Root(00) para top(01)
Mensaje * / 00:01:56:000 / top(01) para sink2(07)
Mensaje Y / 00:01:56:000 / sink2(07) / packetsreceived /      5.00000 para top(01)
Mensaje D / 00:01:56:000 / sink2(07) / ... para top(01)
Mensaje Y / 00:01:56:000 / top(01) / packetsreceived2 /      5.00000 para Root(00)
Mensaje D / 00:01:56:000 / top(01) / 00:00:04:000 para Root(00)
Mensaje * / 00:02:00:000 / Root(00) para top(01)
Mensaje * / 00:02:00:000 / top(01) para source(02)
Mensaje Y / 00:02:00:000 / source(02) / packetout /      1.00000 para top(01)
Mensaje Y / 00:02:00:000 / source(02) / packettotal /     12.00000 para top(01)
Mensaje D / 00:02:00:000 / source(02) / 00:00:10:000 para top(01)
Mensaje X / 00:02:00:000 / top(01) / in /      1.00000 para switchnode(03)
Mensaje Y / 00:02:00:000 / top(01) / packettotal /     12.00000 para Root(00)
Mensaje X / 00:02:00:000 / switchnode(03) / in /      1.00000 para queue(04)
Mensaje D / 00:02:00:000 / queue(04) / 00:00:03:000 para switchnode(03)
Mensaje D / 00:02:00:000 / switchnode(03) / 00:00:03:000 para top(01)
Mensaje D / 00:02:00:000 / top(01) / 00:00:03:000 para Root(00)
Mensaje * / 00:02:03:000 / Root(00) para top(01)
Mensaje * / 00:02:03:000 / top(01) para switchnode(03)
Mensaje * / 00:02:03:000 / switchnode(03) para queue(04)
Mensaje Y / 00:02:03:000 / queue(04) / out /      1.00000 para switchnode(03)
Mensaje D / 00:02:03:000 / queue(04) / ... para switchnode(03)
Mensaje X / 00:02:03:000 / switchnode(03) / switchin /      1.00000 para switch(05)
Mensaje D / 00:02:03:000 / switch(05) / 00:00:02:000 para switchnode(03)
Mensaje D / 00:02:03:000 / switchnode(03) / 00:00:02:000 para top(01)
Mensaje D / 00:02:03:000 / top(01) / 00:00:02:000 para Root(00)
Mensaje * / 00:02:05:000 / Root(00) para top(01)
Mensaje * / 00:02:05:000 / top(01) para switchnode(03)
Mensaje * / 00:02:05:000 / switchnode(03) para switch(05)
Mensaje Y / 00:02:05:000 / switch(05) / switchout2 /      1.00000 para switchnode(03)
Mensaje D / 00:02:05:000 / switch(05) / ... para switchnode(03)
Mensaje Y / 00:02:05:000 / switchnode(03) / out2 /      1.00000 para top(01)
Mensaje X / 00:02:05:000 / switchnode(03) / done /      1.00000 para queue(04)
Mensaje X / 00:02:05:000 / top(01) / sinkin /      1.00000 para sink2(07)
Mensaje D / 00:02:05:000 / queue(04) / ... para switchnode(03)
Mensaje D / 00:02:05:000 / sink2(07) / 00:00:01:000 para top(01)
Mensaje D / 00:02:05:000 / switchnode(03) / ... para top(01)
Mensaje D / 00:02:05:000 / top(01) / 00:00:01:000 para Root(00)
Mensaje * / 00:02:06:000 / Root(00) para top(01)
Mensaje * / 00:02:06:000 / top(01) para sink2(07)
Mensaje Y / 00:02:06:000 / sink2(07) / packetsreceived /      6.00000 para top(01)
Mensaje D / 00:02:06:000 / sink2(07) / ... para top(01)
Mensaje Y / 00:02:06:000 / top(01) / packetsreceived2 /      6.00000 para Root(00)
Mensaje D / 00:02:06:000 / top(01) / 00:00:04:000 para Root(00)
