Mensaje I / 00:00:00:000 / Root(00) para top(01)
Mensaje I / 00:00:00:000 / top(01) para queue(02)
Mensaje I / 00:00:00:000 / top(01) para switch(03)
Mensaje D / 00:00:00:000 / queue(02) / ... para top(01)
Mensaje D / 00:00:00:000 / switch(03) / ... para top(01)
Mensaje D / 00:00:00:000 / top(01) / ... para Root(00)
Mensaje X / 00:00:10:000 / Root(00) / in /      0.00000 para top(01)
Mensaje X / 00:00:10:000 / top(01) / in /      0.00000 para queue(02)
Mensaje D / 00:00:10:000 / queue(02) / 00:00:03:000 para top(01)
Mensaje D / 00:00:10:000 / top(01) / 00:00:03:000 para Root(00)
Mensaje * / 00:00:13:000 / Root(00) para top(01)
Mensaje * / 00:00:13:000 / top(01) para queue(02)
Mensaje Y / 00:00:13:000 / queue(02) / out /      0.00000 para top(01)
Mensaje D / 00:00:13:000 / queue(02) / ... para top(01)
Mensaje X / 00:00:13:000 / top(01) / switchin /      0.00000 para switch(03)
Mensaje D / 00:00:13:000 / switch(03) / 00:00:02:000 para top(01)
Mensaje D / 00:00:13:000 / top(01) / 00:00:02:000 para Root(00)
Mensaje X / 00:00:15:000 / Root(00) / in /      2.00000 para top(01)
Mensaje X / 00:00:15:000 / top(01) / in /      2.00000 para queue(02)
Mensaje D / 00:00:15:000 / queue(02) / ... para top(01)
Mensaje D / 00:00:15:000 / top(01) / 00:00:00:000 para Root(00)
Mensaje * / 00:00:15:000 / Root(00) para top(01)
Mensaje * / 00:00:15:000 / top(01) para switch(03)
Mensaje Y / 00:00:15:000 / switch(03) / switchout1 /      0.00000 para top(01)
Mensaje D / 00:00:15:000 / switch(03) / ... para top(01)
Mensaje Y / 00:00:15:000 / top(01) / out1 /      0.00000 para Root(00)
Mensaje X / 00:00:15:000 / top(01) / done /      0.00000 para queue(02)
Mensaje D / 00:00:15:000 / queue(02) / 00:00:03:000 para top(01)
Mensaje D / 00:00:15:000 / top(01) / 00:00:03:000 para Root(00)
Mensaje * / 00:00:18:000 / Root(00) para top(01)
Mensaje * / 00:00:18:000 / top(01) para queue(02)
Mensaje Y / 00:00:18:000 / queue(02) / out /      2.00000 para top(01)
Mensaje D / 00:00:18:000 / queue(02) / ... para top(01)
Mensaje X / 00:00:18:000 / top(01) / switchin /      2.00000 para switch(03)
Mensaje D / 00:00:18:000 / switch(03) / 00:00:02:000 para top(01)
Mensaje D / 00:00:18:000 / top(01) / 00:00:02:000 para Root(00)
Mensaje X / 00:00:20:000 / Root(00) / in /      1.00000 para top(01)
Mensaje X / 00:00:20:000 / top(01) / in /      1.00000 para queue(02)
Mensaje D / 00:00:20:000 / queue(02) / ... para top(01)
Mensaje D / 00:00:20:000 / top(01) / 00:00:00:000 para Root(00)
Mensaje * / 00:00:20:000 / Root(00) para top(01)
Mensaje * / 00:00:20:000 / top(01) para switch(03)
Mensaje Y / 00:00:20:000 / switch(03) / gateway /      2.00000 para top(01)
Mensaje D / 00:00:20:000 / switch(03) / ... para top(01)
Mensaje Y / 00:00:20:000 / top(01) / gateway /      2.00000 para Root(00)
Mensaje X / 00:00:20:000 / top(01) / done /      2.00000 para queue(02)
Mensaje D / 00:00:20:000 / queue(02) / 00:00:03:000 para top(01)
Mensaje D / 00:00:20:000 / top(01) / 00:00:03:000 para Root(00)
Mensaje * / 00:00:23:000 / Root(00) para top(01)
Mensaje * / 00:00:23:000 / top(01) para queue(02)
Mensaje Y / 00:00:23:000 / queue(02) / out /      1.00000 para top(01)
Mensaje D / 00:00:23:000 / queue(02) / ... para top(01)
Mensaje X / 00:00:23:000 / top(01) / switchin /      1.00000 para switch(03)
Mensaje D / 00:00:23:000 / switch(03) / 00:00:02:000 para top(01)
Mensaje D / 00:00:23:000 / top(01) / 00:00:02:000 para Root(00)
Mensaje * / 00:00:25:000 / Root(00) para top(01)
Mensaje * / 00:00:25:000 / top(01) para switch(03)
Mensaje Y / 00:00:25:000 / switch(03) / switchout2 /      1.00000 para top(01)
Mensaje D / 00:00:25:000 / switch(03) / ... para top(01)
Mensaje Y / 00:00:25:000 / top(01) / out2 /      1.00000 para Root(00)
Mensaje X / 00:00:25:000 / top(01) / done /      1.00000 para queue(02)
Mensaje D / 00:00:25:000 / queue(02) / ... para top(01)
Mensaje D / 00:00:25:000 / top(01) / ... para Root(00)
Mensaje X / 00:00:30:000 / Root(00) / in /      0.00000 para top(01)
Mensaje X / 00:00:30:000 / top(01) / in /      0.00000 para queue(02)
Mensaje D / 00:00:30:000 / queue(02) / 00:00:03:000 para top(01)
Mensaje D / 00:00:30:000 / top(01) / 00:00:03:000 para Root(00)
Mensaje * / 00:00:33:000 / Root(00) para top(01)
Mensaje * / 00:00:33:000 / top(01) para queue(02)
Mensaje Y / 00:00:33:000 / queue(02) / out /      0.00000 para top(01)
Mensaje D / 00:00:33:000 / queue(02) / ... para top(01)
Mensaje X / 00:00:33:000 / top(01) / switchin /      0.00000 para switch(03)
Mensaje D / 00:00:33:000 / switch(03) / 00:00:02:000 para top(01)
Mensaje D / 00:00:33:000 / top(01) / 00:00:02:000 para Root(00)
Mensaje * / 00:00:35:000 / Root(00) para top(01)
Mensaje * / 00:00:35:000 / top(01) para switch(03)
Mensaje Y / 00:00:35:000 / switch(03) / switchout1 /      0.00000 para top(01)
Mensaje D / 00:00:35:000 / switch(03) / ... para top(01)
Mensaje Y / 00:00:35:000 / top(01) / out1 /      0.00000 para Root(00)
Mensaje X / 00:00:35:000 / top(01) / done /      0.00000 para queue(02)
Mensaje D / 00:00:35:000 / queue(02) / ... para top(01)
Mensaje D / 00:00:35:000 / top(01) / ... para Root(00)
Mensaje X / 00:00:40:000 / Root(00) / in /      1.00000 para top(01)
Mensaje X / 00:00:40:000 / top(01) / in /      1.00000 para queue(02)
Mensaje D / 00:00:40:000 / queue(02) / 00:00:03:000 para top(01)
Mensaje D / 00:00:40:000 / top(01) / 00:00:03:000 para Root(00)
Mensaje * / 00:00:43:000 / Root(00) para top(01)
Mensaje * / 00:00:43:000 / top(01) para queue(02)
Mensaje Y / 00:00:43:000 / queue(02) / out /      1.00000 para top(01)
Mensaje D / 00:00:43:000 / queue(02) / ... para top(01)
Mensaje X / 00:00:43:000 / top(01) / switchin /      1.00000 para switch(03)
Mensaje D / 00:00:43:000 / switch(03) / 00:00:02:000 para top(01)
Mensaje D / 00:00:43:000 / top(01) / 00:00:02:000 para Root(00)
Mensaje X / 00:00:45:000 / Root(00) / in /      3.00000 para top(01)
Mensaje X / 00:00:45:000 / top(01) / in /      3.00000 para queue(02)
Mensaje D / 00:00:45:000 / queue(02) / ... para top(01)
Mensaje D / 00:00:45:000 / top(01) / 00:00:00:000 para Root(00)
Mensaje * / 00:00:45:000 / Root(00) para top(01)
Mensaje * / 00:00:45:000 / top(01) para switch(03)
Mensaje Y / 00:00:45:000 / switch(03) / switchout2 /      1.00000 para top(01)
Mensaje D / 00:00:45:000 / switch(03) / ... para top(01)
Mensaje Y / 00:00:45:000 / top(01) / out2 /      1.00000 para Root(00)
Mensaje X / 00:00:45:000 / top(01) / done /      1.00000 para queue(02)
Mensaje D / 00:00:45:000 / queue(02) / 00:00:03:000 para top(01)
Mensaje D / 00:00:45:000 / top(01) / 00:00:03:000 para Root(00)
Mensaje * / 00:00:48:000 / Root(00) para top(01)
Mensaje * / 00:00:48:000 / top(01) para queue(02)
Mensaje Y / 00:00:48:000 / queue(02) / out /      3.00000 para top(01)
Mensaje D / 00:00:48:000 / queue(02) / ... para top(01)
Mensaje X / 00:00:48:000 / top(01) / switchin /      3.00000 para switch(03)
Mensaje D / 00:00:48:000 / switch(03) / 00:00:02:000 para top(01)
Mensaje D / 00:00:48:000 / top(01) / 00:00:02:000 para Root(00)
Mensaje X / 00:00:50:000 / Root(00) / in /      0.00000 para top(01)
Mensaje X / 00:00:50:000 / top(01) / in /      0.00000 para queue(02)
Mensaje D / 00:00:50:000 / queue(02) / ... para top(01)
Mensaje D / 00:00:50:000 / top(01) / 00:00:00:000 para Root(00)
Mensaje * / 00:00:50:000 / Root(00) para top(01)
Mensaje * / 00:00:50:000 / top(01) para switch(03)
Mensaje Y / 00:00:50:000 / switch(03) / gateway /      3.00000 para top(01)
Mensaje D / 00:00:50:000 / switch(03) / ... para top(01)
Mensaje Y / 00:00:50:000 / top(01) / gateway /      3.00000 para Root(00)
Mensaje X / 00:00:50:000 / top(01) / done /      3.00000 para queue(02)
Mensaje D / 00:00:50:000 / queue(02) / 00:00:03:000 para top(01)
Mensaje D / 00:00:50:000 / top(01) / 00:00:03:000 para Root(00)
Mensaje * / 00:00:53:000 / Root(00) para top(01)
Mensaje * / 00:00:53:000 / top(01) para queue(02)
Mensaje Y / 00:00:53:000 / queue(02) / out /      0.00000 para top(01)
Mensaje D / 00:00:53:000 / queue(02) / ... para top(01)
Mensaje X / 00:00:53:000 / top(01) / switchin /      0.00000 para switch(03)
Mensaje D / 00:00:53:000 / switch(03) / 00:00:02:000 para top(01)
Mensaje D / 00:00:53:000 / top(01) / 00:00:02:000 para Root(00)
Mensaje * / 00:00:55:000 / Root(00) para top(01)
Mensaje * / 00:00:55:000 / top(01) para switch(03)
Mensaje Y / 00:00:55:000 / switch(03) / switchout1 /      0.00000 para top(01)
Mensaje D / 00:00:55:000 / switch(03) / ... para top(01)
Mensaje Y / 00:00:55:000 / top(01) / out1 /      0.00000 para Root(00)
Mensaje X / 00:00:55:000 / top(01) / done /      0.00000 para queue(02)
Mensaje D / 00:00:55:000 / queue(02) / ... para top(01)
Mensaje D / 00:00:55:000 / top(01) / ... para Root(00)
Mensaje X / 00:01:00:000 / Root(00) / in /      1.00000 para top(01)
Mensaje X / 00:01:00:000 / top(01) / in /      1.00000 para queue(02)
Mensaje D / 00:01:00:000 / queue(02) / 00:00:03:000 para top(01)
Mensaje D / 00:01:00:000 / top(01) / 00:00:03:000 para Root(00)
Mensaje * / 00:01:03:000 / Root(00) para top(01)
Mensaje * / 00:01:03:000 / top(01) para queue(02)
Mensaje Y / 00:01:03:000 / queue(02) / out /      1.00000 para top(01)
Mensaje D / 00:01:03:000 / queue(02) / ... para top(01)
Mensaje X / 00:01:03:000 / top(01) / switchin /      1.00000 para switch(03)
Mensaje D / 00:01:03:000 / switch(03) / 00:00:02:000 para top(01)
Mensaje D / 00:01:03:000 / top(01) / 00:00:02:000 para Root(00)
Mensaje * / 00:01:05:000 / Root(00) para top(01)
Mensaje * / 00:01:05:000 / top(01) para switch(03)
Mensaje Y / 00:01:05:000 / switch(03) / switchout2 /      1.00000 para top(01)
Mensaje D / 00:01:05:000 / switch(03) / ... para top(01)
Mensaje Y / 00:01:05:000 / top(01) / out2 /      1.00000 para Root(00)
Mensaje X / 00:01:05:000 / top(01) / done /      1.00000 para queue(02)
Mensaje D / 00:01:05:000 / queue(02) / ... para top(01)
Mensaje D / 00:01:05:000 / top(01) / ... para Root(00)
Mensaje X / 00:01:10:000 / Root(00) / in /      0.00000 para top(01)
Mensaje X / 00:01:10:000 / top(01) / in /      0.00000 para queue(02)
Mensaje D / 00:01:10:000 / queue(02) / 00:00:03:000 para top(01)
Mensaje D / 00:01:10:000 / top(01) / 00:00:03:000 para Root(00)
Mensaje * / 00:01:13:000 / Root(00) para top(01)
Mensaje * / 00:01:13:000 / top(01) para queue(02)
Mensaje Y / 00:01:13:000 / queue(02) / out /      0.00000 para top(01)
Mensaje D / 00:01:13:000 / queue(02) / ... para top(01)
Mensaje X / 00:01:13:000 / top(01) / switchin /      0.00000 para switch(03)
Mensaje D / 00:01:13:000 / switch(03) / 00:00:02:000 para top(01)
Mensaje D / 00:01:13:000 / top(01) / 00:00:02:000 para Root(00)
Mensaje X / 00:01:15:000 / Root(00) / in /      4.00000 para top(01)
Mensaje X / 00:01:15:000 / top(01) / in /      4.00000 para queue(02)
Mensaje D / 00:01:15:000 / queue(02) / ... para top(01)
Mensaje D / 00:01:15:000 / top(01) / 00:00:00:000 para Root(00)
Mensaje * / 00:01:15:000 / Root(00) para top(01)
Mensaje * / 00:01:15:000 / top(01) para switch(03)
Mensaje Y / 00:01:15:000 / switch(03) / switchout1 /      0.00000 para top(01)
Mensaje D / 00:01:15:000 / switch(03) / ... para top(01)
Mensaje Y / 00:01:15:000 / top(01) / out1 /      0.00000 para Root(00)
Mensaje X / 00:01:15:000 / top(01) / done /      0.00000 para queue(02)
Mensaje D / 00:01:15:000 / queue(02) / 00:00:03:000 para top(01)
Mensaje D / 00:01:15:000 / top(01) / 00:00:03:000 para Root(00)
Mensaje * / 00:01:18:000 / Root(00) para top(01)
Mensaje * / 00:01:18:000 / top(01) para queue(02)
Mensaje Y / 00:01:18:000 / queue(02) / out /      4.00000 para top(01)
Mensaje D / 00:01:18:000 / queue(02) / ... para top(01)
Mensaje X / 00:01:18:000 / top(01) / switchin /      4.00000 para switch(03)
Mensaje D / 00:01:18:000 / switch(03) / 00:00:02:000 para top(01)
Mensaje D / 00:01:18:000 / top(01) / 00:00:02:000 para Root(00)
Mensaje X / 00:01:20:000 / Root(00) / in /      1.00000 para top(01)
Mensaje X / 00:01:20:000 / top(01) / in /      1.00000 para queue(02)
Mensaje D / 00:01:20:000 / queue(02) / ... para top(01)
Mensaje D / 00:01:20:000 / top(01) / 00:00:00:000 para Root(00)
Mensaje * / 00:01:20:000 / Root(00) para top(01)
Mensaje * / 00:01:20:000 / top(01) para switch(03)
Mensaje Y / 00:01:20:000 / switch(03) / gateway /      4.00000 para top(01)
Mensaje D / 00:01:20:000 / switch(03) / ... para top(01)
Mensaje Y / 00:01:20:000 / top(01) / gateway /      4.00000 para Root(00)
Mensaje X / 00:01:20:000 / top(01) / done /      4.00000 para queue(02)
Mensaje D / 00:01:20:000 / queue(02) / 00:00:03:000 para top(01)
Mensaje D / 00:01:20:000 / top(01) / 00:00:03:000 para Root(00)
Mensaje * / 00:01:23:000 / Root(00) para top(01)
Mensaje * / 00:01:23:000 / top(01) para queue(02)
Mensaje Y / 00:01:23:000 / queue(02) / out /      1.00000 para top(01)
Mensaje D / 00:01:23:000 / queue(02) / ... para top(01)
Mensaje X / 00:01:23:000 / top(01) / switchin /      1.00000 para switch(03)
Mensaje D / 00:01:23:000 / switch(03) / 00:00:02:000 para top(01)
Mensaje D / 00:01:23:000 / top(01) / 00:00:02:000 para Root(00)
Mensaje * / 00:01:25:000 / Root(00) para top(01)
Mensaje * / 00:01:25:000 / top(01) para switch(03)
Mensaje Y / 00:01:25:000 / switch(03) / switchout2 /      1.00000 para top(01)
Mensaje D / 00:01:25:000 / switch(03) / ... para top(01)
Mensaje Y / 00:01:25:000 / top(01) / out2 /      1.00000 para Root(00)
Mensaje X / 00:01:25:000 / top(01) / done /      1.00000 para queue(02)
Mensaje D / 00:01:25:000 / queue(02) / ... para top(01)
Mensaje D / 00:01:25:000 / top(01) / ... para Root(00)
Mensaje X / 00:01:30:000 / Root(00) / in /      0.00000 para top(01)
Mensaje X / 00:01:30:000 / top(01) / in /      0.00000 para queue(02)
Mensaje D / 00:01:30:000 / queue(02) / 00:00:03:000 para top(01)
Mensaje D / 00:01:30:000 / top(01) / 00:00:03:000 para Root(00)
Mensaje * / 00:01:33:000 / Root(00) para top(01)
Mensaje * / 00:01:33:000 / top(01) para queue(02)
Mensaje Y / 00:01:33:000 / queue(02) / out /      0.00000 para top(01)
Mensaje D / 00:01:33:000 / queue(02) / ... para top(01)
Mensaje X / 00:01:33:000 / top(01) / switchin /      0.00000 para switch(03)
Mensaje D / 00:01:33:000 / switch(03) / 00:00:02:000 para top(01)
Mensaje D / 00:01:33:000 / top(01) / 00:00:02:000 para Root(00)
Mensaje * / 00:01:35:000 / Root(00) para top(01)
Mensaje * / 00:01:35:000 / top(01) para switch(03)
Mensaje Y / 00:01:35:000 / switch(03) / switchout1 /      0.00000 para top(01)
Mensaje D / 00:01:35:000 / switch(03) / ... para top(01)
Mensaje Y / 00:01:35:000 / top(01) / out1 /      0.00000 para Root(00)
Mensaje X / 00:01:35:000 / top(01) / done /      0.00000 para queue(02)
Mensaje D / 00:01:35:000 / queue(02) / ... para top(01)
Mensaje D / 00:01:35:000 / top(01) / ... para Root(00)
Mensaje X / 00:01:40:000 / Root(00) / in /      1.00000 para top(01)
Mensaje X / 00:01:40:000 / top(01) / in /      1.00000 para queue(02)
Mensaje D / 00:01:40:000 / queue(02) / 00:00:03:000 para top(01)
Mensaje D / 00:01:40:000 / top(01) / 00:00:03:000 para Root(00)
Mensaje * / 00:01:43:000 / Root(00) para top(01)
Mensaje * / 00:01:43:000 / top(01) para queue(02)
Mensaje Y / 00:01:43:000 / queue(02) / out /      1.00000 para top(01)
Mensaje D / 00:01:43:000 / queue(02) / ... para top(01)
Mensaje X / 00:01:43:000 / top(01) / switchin /      1.00000 para switch(03)
Mensaje D / 00:01:43:000 / switch(03) / 00:00:02:000 para top(01)
Mensaje D / 00:01:43:000 / top(01) / 00:00:02:000 para Root(00)
Mensaje * / 00:01:45:000 / Root(00) para top(01)
Mensaje * / 00:01:45:000 / top(01) para switch(03)
Mensaje Y / 00:01:45:000 / switch(03) / switchout2 /      1.00000 para top(01)
Mensaje D / 00:01:45:000 / switch(03) / ... para top(01)
Mensaje Y / 00:01:45:000 / top(01) / out2 /      1.00000 para Root(00)
Mensaje X / 00:01:45:000 / top(01) / done /      1.00000 para queue(02)
Mensaje D / 00:01:45:000 / queue(02) / ... para top(01)
Mensaje D / 00:01:45:000 / top(01) / ... para Root(00)
Mensaje X / 00:01:50:000 / Root(00) / in /      0.00000 para top(01)
Mensaje X / 00:01:50:000 / top(01) / in /      0.00000 para queue(02)
Mensaje D / 00:01:50:000 / queue(02) / 00:00:03:000 para top(01)
Mensaje D / 00:01:50:000 / top(01) / 00:00:03:000 para Root(00)
Mensaje * / 00:01:53:000 / Root(00) para top(01)
Mensaje * / 00:01:53:000 / top(01) para queue(02)
Mensaje Y / 00:01:53:000 / queue(02) / out /      0.00000 para top(01)
Mensaje D / 00:01:53:000 / queue(02) / ... para top(01)
Mensaje X / 00:01:53:000 / top(01) / switchin /      0.00000 para switch(03)
Mensaje D / 00:01:53:000 / switch(03) / 00:00:02:000 para top(01)
Mensaje D / 00:01:53:000 / top(01) / 00:00:02:000 para Root(00)
Mensaje X / 00:01:55:000 / Root(00) / in /      5.00000 para top(01)
Mensaje X / 00:01:55:000 / top(01) / in /      5.00000 para queue(02)
Mensaje D / 00:01:55:000 / queue(02) / ... para top(01)
Mensaje D / 00:01:55:000 / top(01) / 00:00:00:000 para Root(00)
Mensaje * / 00:01:55:000 / Root(00) para top(01)
Mensaje * / 00:01:55:000 / top(01) para switch(03)
Mensaje Y / 00:01:55:000 / switch(03) / switchout1 /      0.00000 para top(01)
Mensaje D / 00:01:55:000 / switch(03) / ... para top(01)
Mensaje Y / 00:01:55:000 / top(01) / out1 /      0.00000 para Root(00)
Mensaje X / 00:01:55:000 / top(01) / done /      0.00000 para queue(02)
Mensaje D / 00:01:55:000 / queue(02) / 00:00:03:000 para top(01)
Mensaje D / 00:01:55:000 / top(01) / 00:00:03:000 para Root(00)
Mensaje * / 00:01:58:000 / Root(00) para top(01)
Mensaje * / 00:01:58:000 / top(01) para queue(02)
Mensaje Y / 00:01:58:000 / queue(02) / out /      5.00000 para top(01)
Mensaje D / 00:01:58:000 / queue(02) / ... para top(01)
Mensaje X / 00:01:58:000 / top(01) / switchin /      5.00000 para switch(03)
Mensaje D / 00:01:58:000 / switch(03) / 00:00:02:000 para top(01)
Mensaje D / 00:01:58:000 / top(01) / 00:00:02:000 para Root(00)
Mensaje X / 00:02:00:000 / Root(00) / in /      1.00000 para top(01)
Mensaje X / 00:02:00:000 / top(01) / in /      1.00000 para queue(02)
Mensaje D / 00:02:00:000 / queue(02) / ... para top(01)
Mensaje D / 00:02:00:000 / top(01) / 00:00:00:000 para Root(00)
Mensaje * / 00:02:00:000 / Root(00) para top(01)
Mensaje * / 00:02:00:000 / top(01) para switch(03)
Mensaje Y / 00:02:00:000 / switch(03) / gateway /      5.00000 para top(01)
Mensaje D / 00:02:00:000 / switch(03) / ... para top(01)
Mensaje Y / 00:02:00:000 / top(01) / gateway /      5.00000 para Root(00)
Mensaje X / 00:02:00:000 / top(01) / done /      5.00000 para queue(02)
Mensaje D / 00:02:00:000 / queue(02) / 00:00:03:000 para top(01)
Mensaje D / 00:02:00:000 / top(01) / 00:00:03:000 para Root(00)
Mensaje * / 00:02:03:000 / Root(00) para top(01)
Mensaje * / 00:02:03:000 / top(01) para queue(02)
Mensaje Y / 00:02:03:000 / queue(02) / out /      1.00000 para top(01)
Mensaje D / 00:02:03:000 / queue(02) / ... para top(01)
Mensaje X / 00:02:03:000 / top(01) / switchin /      1.00000 para switch(03)
Mensaje D / 00:02:03:000 / switch(03) / 00:00:02:000 para top(01)
Mensaje D / 00:02:03:000 / top(01) / 00:00:02:000 para Root(00)
Mensaje * / 00:02:05:000 / Root(00) para top(01)
Mensaje * / 00:02:05:000 / top(01) para switch(03)
Mensaje Y / 00:02:05:000 / switch(03) / switchout2 /      1.00000 para top(01)
Mensaje D / 00:02:05:000 / switch(03) / ... para top(01)
Mensaje Y / 00:02:05:000 / top(01) / out2 /      1.00000 para Root(00)
Mensaje X / 00:02:05:000 / top(01) / done /      1.00000 para queue(02)
Mensaje D / 00:02:05:000 / queue(02) / ... para top(01)
Mensaje D / 00:02:05:000 / top(01) / ... para Root(00)
